maxTotalPoints: 23
messages: []
mode: all
parts:
- maxPoints: 1
  maxSeconds: 10
  messages: []
  name: 2.1.1a-0
  points: 1
  seconds: 0
- maxPoints: 1
  maxSeconds: 10
  messages: []
  name: 2.1.1a-1
  points: 1
  seconds: 0
- maxPoints: 2
  maxSeconds: 10
  messages: []
  name: 2.1.2a
  points: 2
  seconds: 0
- maxPoints: 2
  maxSeconds: 10
  messages: []
  name: 2.1.2b
  points: 2
  seconds: 0
- maxPoints: 0
  maxSeconds: 10
  messages:
  - 'Exception thrown: <class ''NotImplementedError''> -- TODO:'
  - "  File \"/Users/mikey/Library/Mobile Documents/com~apple~CloudDocs/Documents/Rice/Courses/COMP557-AI/COMP557-Assignments/assignment6/hw6/text_classification/grader.py\"\
    , line 79, in test1_3a_0\n    weights = submission.learnWeightsFromPerceptron(\n"
  - "  File \"/Users/mikey/Library/Mobile Documents/com~apple~CloudDocs/Documents/Rice/Courses/COMP557-AI/COMP557-Assignments/assignment6/hw6/text_classification/submission.py\"\
    , line 129, in learnWeightsFromPerceptron\n    raise NotImplementedError(\"TODO:\"\
    )\n"
  name: 2.1.3a-0
  points: 0
  seconds: 0
- maxPoints: 6
  maxSeconds: 45
  messages:
  - 'Exception thrown: <class ''NotImplementedError''> -- TODO:'
  - "  File \"/Users/mikey/Library/Mobile Documents/com~apple~CloudDocs/Documents/Rice/Courses/COMP557-AI/COMP557-Assignments/assignment6/hw6/text_classification/grader.py\"\
    , line 89, in test1_3a_1\n    weights = submission.learnWeightsFromPerceptron(\n"
  - "  File \"/Users/mikey/Library/Mobile Documents/com~apple~CloudDocs/Documents/Rice/Courses/COMP557-AI/COMP557-Assignments/assignment6/hw6/text_classification/submission.py\"\
    , line 129, in learnWeightsFromPerceptron\n    raise NotImplementedError(\"TODO:\"\
    )\n"
  name: 2.1.3a-1
  points: 0
  seconds: 0
- maxPoints: 2
  maxSeconds: 10
  messages:
  - 'Exception thrown: <class ''NotImplementedError''> -- TODO:'
  - "  File \"/Users/mikey/Library/Mobile Documents/com~apple~CloudDocs/Documents/Rice/Courses/COMP557-AI/COMP557-Assignments/assignment6/hw6/text_classification/grader.py\"\
    , line 112, in test_1_3b_0\n    grader.requireIsEqual(features, submission.extractBigramFeatures(sentence))\n"
  - "  File \"/Users/mikey/Library/Mobile Documents/com~apple~CloudDocs/Documents/Rice/Courses/COMP557-AI/COMP557-Assignments/assignment6/hw6/text_classification/submission.py\"\
    , line 140, in extractBigramFeatures\n    raise NotImplementedError(\"TODO:\"\
    )\n"
  name: 2.1.3b-0
  points: 0
  seconds: 0
- maxPoints: 9
  maxSeconds: 10
  messages:
  - 'Exception thrown: <class ''NotImplementedError''> -- TODO:'
  - "  File \"/Users/mikey/Library/Mobile Documents/com~apple~CloudDocs/Documents/Rice/Courses/COMP557-AI/COMP557-Assignments/assignment6/hw6/text_classification/grader.py\"\
    , line 157, in test_3a_0\n    classifier = submission.OneVsAllClassifier( labels,\n"
  - "  File \"/Users/mikey/Library/Mobile Documents/com~apple~CloudDocs/Documents/Rice/Courses/COMP557-AI/COMP557-Assignments/assignment6/hw6/text_classification/submission.py\"\
    , line 175, in __init__\n    super(OneVsAllClassifier, self).__init__(labels,\
    \ classifiers)\n"
  - "  File \"/Users/mikey/Library/Mobile Documents/com~apple~CloudDocs/Documents/Rice/Courses/COMP557-AI/COMP557-Assignments/assignment6/hw6/text_classification/submission.py\"\
    , line 150, in __init__\n    raise NotImplementedError(\"TODO:\")\n"
  name: 2.3a-0
  points: 0
  seconds: 0
totalPoints: 6
